<?xml version="1.0" encoding="UTF-8"?>
<!-- Generated by org.testng.reporters.JUnitReportReporter -->
<testsuite hostname="DESKTOP-BEQ14SO" failures="0" tests="1" name="session1.TestingTest" time="4.473" errors="0" timestamp="2023-04-04T11:27:05 TRT" skipped="0">
  <testcase classname="session1.TestingTest" name="testExample" time="4.473"/>
  <system-out/>
</testsuite> <!-- session1.TestingTest -->
